[    2577ms] [ERROR] Failed to load resource: the server responded with a status of 401 () @ https://telemon.online/api/accounts:0
[    2579ms] [WARNING] [RuntimeManager] accounts refresh failed: ApiError: 인증이 필요합니다.
    at r (https://telemon.online/_next/static/chunks/960-2a1a2d63807216b1.js:1:3666)
    at async Object.s (https://telemon.online/_next/static/chunks/960-2a1a2d63807216b1.js:1:4108)
    at async c._refreshAccounts (https://telemon.online/_next/static/chunks/4936-48990ef836bbcb20.js:1:11500)
    at async c._doInit (https://telemon.online/_next/static/chunks/4936-48990ef836bbcb20.js:1:6066) @ https://telemon.online/_next/static/chunks/4936-48990ef836bbcb20.js:0
[    8641ms] [WARNING] The resource https://telemon.online/manifest.json was preloaded using link preload but not used within a few seconds from the window's load event. Please make sure it has an appropriate `as` value and it is preloaded intentionally. @ https://telemon.online/admin/login:0
[    8642ms] [WARNING] The resource https://telemon.online/icons/icon-192.svg was preloaded using link preload but not used within a few seconds from the window's load event. Please make sure it has an appropriate `as` value and it is preloaded intentionally. @ https://telemon.online/admin/login:0
[   32729ms] [ERROR] Failed to load resource: the server responded with a status of 401 () @ https://telemon.online/api/accounts:0
[   32730ms] [WARNING] [RuntimeManager] accounts refresh failed: ApiError: 인증이 필요합니다.
    at r (https://telemon.online/_next/static/chunks/960-2a1a2d63807216b1.js:1:3666)
    at async Object.s (https://telemon.online/_next/static/chunks/960-2a1a2d63807216b1.js:1:4108)
    at async c._refreshAccounts (https://telemon.online/_next/static/chunks/4936-48990ef836bbcb20.js:1:11500)
    at async c._backgroundPoll (https://telemon.online/_next/static/chunks/4936-48990ef836bbcb20.js:1:12083)
    at async https://telemon.online/_next/static/chunks/4936-48990ef836bbcb20.js:1:11925 @ https://telemon.online/_next/static/chunks/4936-48990ef836bbcb20.js:0
[   35741ms] [WARNING] The resource https://telemon.online/manifest.json was preloaded using link preload but not used within a few seconds from the window's load event. Please make sure it has an appropriate `as` value and it is preloaded intentionally. @ https://telemon.online/admin/login:0
[   35741ms] [WARNING] The resource https://telemon.online/icons/icon-192.svg was preloaded using link preload but not used within a few seconds from the window's load event. Please make sure it has an appropriate `as` value and it is preloaded intentionally. @ https://telemon.online/admin/login:0
[   62837ms] [ERROR] Failed to load resource: the server responded with a status of 401 () @ https://telemon.online/api/accounts:0
[   62839ms] [WARNING] [RuntimeManager] accounts refresh failed: ApiError: 인증이 필요합니다.
    at r (https://telemon.online/_next/static/chunks/960-2a1a2d63807216b1.js:1:3666)
    at async Object.s (https://telemon.online/_next/static/chunks/960-2a1a2d63807216b1.js:1:4108)
    at async c._refreshAccounts (https://telemon.online/_next/static/chunks/4936-48990ef836bbcb20.js:1:11500)
    at async c._backgroundPoll (https://telemon.online/_next/static/chunks/4936-48990ef836bbcb20.js:1:12083)
    at async https://telemon.online/_next/static/chunks/4936-48990ef836bbcb20.js:1:11925 @ https://telemon.online/_next/static/chunks/4936-48990ef836bbcb20.js:0
[   65841ms] [WARNING] The resource https://telemon.online/manifest.json was preloaded using link preload but not used within a few seconds from the window's load event. Please make sure it has an appropriate `as` value and it is preloaded intentionally. @ https://telemon.online/admin/login:0
[   65846ms] [WARNING] The resource https://telemon.online/icons/icon-192.svg was preloaded using link preload but not used within a few seconds from the window's load event. Please make sure it has an appropriate `as` value and it is preloaded intentionally. @ https://telemon.online/admin/login:0
[   92936ms] [ERROR] Failed to load resource: the server responded with a status of 401 () @ https://telemon.online/api/accounts:0
[   92937ms] [WARNING] [RuntimeManager] accounts refresh failed: ApiError: 인증이 필요합니다.
    at r (https://telemon.online/_next/static/chunks/960-2a1a2d63807216b1.js:1:3666)
    at async Object.s (https://telemon.online/_next/static/chunks/960-2a1a2d63807216b1.js:1:4108)
    at async c._refreshAccounts (https://telemon.online/_next/static/chunks/4936-48990ef836bbcb20.js:1:11500)
    at async c._backgroundPoll (https://telemon.online/_next/static/chunks/4936-48990ef836bbcb20.js:1:12083)
    at async https://telemon.online/_next/static/chunks/4936-48990ef836bbcb20.js:1:11925 @ https://telemon.online/_next/static/chunks/4936-48990ef836bbcb20.js:0
[   95938ms] [WARNING] The resource https://telemon.online/manifest.json was preloaded using link preload but not used within a few seconds from the window's load event. Please make sure it has an appropriate `as` value and it is preloaded intentionally. @ https://telemon.online/admin/login:0
[   95938ms] [WARNING] The resource https://telemon.online/icons/icon-192.svg was preloaded using link preload but not used within a few seconds from the window's load event. Please make sure it has an appropriate `as` value and it is preloaded intentionally. @ https://telemon.online/admin/login:0
[  123047ms] [ERROR] Failed to load resource: the server responded with a status of 401 () @ https://telemon.online/api/accounts:0
[  123049ms] [WARNING] [RuntimeManager] accounts refresh failed: ApiError: 인증이 필요합니다.
    at r (https://telemon.online/_next/static/chunks/960-2a1a2d63807216b1.js:1:3666)
    at async Object.s (https://telemon.online/_next/static/chunks/960-2a1a2d63807216b1.js:1:4108)
    at async c._refreshAccounts (https://telemon.online/_next/static/chunks/4936-48990ef836bbcb20.js:1:11500)
    at async c._backgroundPoll (https://telemon.online/_next/static/chunks/4936-48990ef836bbcb20.js:1:12083)
    at async https://telemon.online/_next/static/chunks/4936-48990ef836bbcb20.js:1:11925 @ https://telemon.online/_next/static/chunks/4936-48990ef836bbcb20.js:0
[  126061ms] [WARNING] The resource https://telemon.online/manifest.json was preloaded using link preload but not used within a few seconds from the window's load event. Please make sure it has an appropriate `as` value and it is preloaded intentionally. @ https://telemon.online/admin/login:0
[  126061ms] [WARNING] The resource https://telemon.online/icons/icon-192.svg was preloaded using link preload but not used within a few seconds from the window's load event. Please make sure it has an appropriate `as` value and it is preloaded intentionally. @ https://telemon.online/admin/login:0
[  153172ms] [ERROR] Failed to load resource: the server responded with a status of 401 () @ https://telemon.online/api/accounts:0
[  153173ms] [WARNING] [RuntimeManager] accounts refresh failed: ApiError: 인증이 필요합니다.
    at r (https://telemon.online/_next/static/chunks/960-2a1a2d63807216b1.js:1:3666)
    at async Object.s (https://telemon.online/_next/static/chunks/960-2a1a2d63807216b1.js:1:4108)
    at async c._refreshAccounts (https://telemon.online/_next/static/chunks/4936-48990ef836bbcb20.js:1:11500)
    at async c._backgroundPoll (https://telemon.online/_next/static/chunks/4936-48990ef836bbcb20.js:1:12083)
    at async https://telemon.online/_next/static/chunks/4936-48990ef836bbcb20.js:1:11925 @ https://telemon.online/_next/static/chunks/4936-48990ef836bbcb20.js:0
[  156182ms] [WARNING] The resource https://telemon.online/manifest.json was preloaded using link preload but not used within a few seconds from the window's load event. Please make sure it has an appropriate `as` value and it is preloaded intentionally. @ https://telemon.online/admin/login:0
[  156182ms] [WARNING] The resource https://telemon.online/icons/icon-192.svg was preloaded using link preload but not used within a few seconds from the window's load event. Please make sure it has an appropriate `as` value and it is preloaded intentionally. @ https://telemon.online/admin/login:0
[  183338ms] [ERROR] Failed to load resource: the server responded with a status of 401 () @ https://telemon.online/api/accounts:0
[  183340ms] [WARNING] [RuntimeManager] accounts refresh failed: ApiError: 인증이 필요합니다.
    at r (https://telemon.online/_next/static/chunks/960-2a1a2d63807216b1.js:1:3666)
    at async Object.s (https://telemon.online/_next/static/chunks/960-2a1a2d63807216b1.js:1:4108)
    at async c._refreshAccounts (https://telemon.online/_next/static/chunks/4936-48990ef836bbcb20.js:1:11500)
    at async c._backgroundPoll (https://telemon.online/_next/static/chunks/4936-48990ef836bbcb20.js:1:12083)
    at async https://telemon.online/_next/static/chunks/4936-48990ef836bbcb20.js:1:11925 @ https://telemon.online/_next/static/chunks/4936-48990ef836bbcb20.js:0
[  186343ms] [WARNING] The resource https://telemon.online/manifest.json was preloaded using link preload but not used within a few seconds from the window's load event. Please make sure it has an appropriate `as` value and it is preloaded intentionally. @ https://telemon.online/admin/login:0
[  186344ms] [WARNING] The resource https://telemon.online/icons/icon-192.svg was preloaded using link preload but not used within a few seconds from the window's load event. Please make sure it has an appropriate `as` value and it is preloaded intentionally. @ https://telemon.online/admin/login:0
[  204522ms] Failed to register a ServiceWorker for scope ('https://telemon.online/') with script ('https://telemon.online/sw.js'): ServiceWorker script evaluation failed
[  207672ms] [ERROR] Failed to load resource: the server responded with a status of 404 () @ https://telemon.online/api/broadcasts?account_id=86fbf02a-9662-4569-a525-291bf1d59f45&limit=100:0
[  210680ms] [WARNING] The resource https://telemon.online/manifest.json was preloaded using link preload but not used within a few seconds from the window's load event. Please make sure it has an appropriate `as` value and it is preloaded intentionally. @ https://telemon.online/app:0
[  210680ms] [WARNING] The resource https://telemon.online/icons/icon-192.svg was preloaded using link preload but not used within a few seconds from the window's load event. Please make sure it has an appropriate `as` value and it is preloaded intentionally. @ https://telemon.online/app:0
[  214810ms] [WARNING] The resource https://telemon.online/manifest.json was preloaded using link preload but not used within a few seconds from the window's load event. Please make sure it has an appropriate `as` value and it is preloaded intentionally. @ https://telemon.online/app:0
[  214811ms] [WARNING] The resource https://telemon.online/icons/icon-192.svg was preloaded using link preload but not used within a few seconds from the window's load event. Please make sure it has an appropriate `as` value and it is preloaded intentionally. @ https://telemon.online/app:0
[  241026ms] [WARNING] The resource https://telemon.online/manifest.json was preloaded using link preload but not used within a few seconds from the window's load event. Please make sure it has an appropriate `as` value and it is preloaded intentionally. @ https://telemon.online/app:0
[  241026ms] [WARNING] The resource https://telemon.online/icons/icon-192.svg was preloaded using link preload but not used within a few seconds from the window's load event. Please make sure it has an appropriate `as` value and it is preloaded intentionally. @ https://telemon.online/app:0
[  271864ms] [WARNING] The resource https://telemon.online/manifest.json was preloaded using link preload but not used within a few seconds from the window's load event. Please make sure it has an appropriate `as` value and it is preloaded intentionally. @ https://telemon.online/app:0
[  271864ms] [WARNING] The resource https://telemon.online/icons/icon-192.svg was preloaded using link preload but not used within a few seconds from the window's load event. Please make sure it has an appropriate `as` value and it is preloaded intentionally. @ https://telemon.online/app:0
[  308185ms] [WARNING] The resource https://telemon.online/manifest.json was preloaded using link preload but not used within a few seconds from the window's load event. Please make sure it has an appropriate `as` value and it is preloaded intentionally. @ https://telemon.online/app:0
[  308185ms] [WARNING] The resource https://telemon.online/icons/icon-192.svg was preloaded using link preload but not used within a few seconds from the window's load event. Please make sure it has an appropriate `as` value and it is preloaded intentionally. @ https://telemon.online/app:0
[  338730ms] [WARNING] The resource https://telemon.online/manifest.json was preloaded using link preload but not used within a few seconds from the window's load event. Please make sure it has an appropriate `as` value and it is preloaded intentionally. @ https://telemon.online/app:0
[  338730ms] [WARNING] The resource https://telemon.online/icons/icon-192.svg was preloaded using link preload but not used within a few seconds from the window's load event. Please make sure it has an appropriate `as` value and it is preloaded intentionally. @ https://telemon.online/app:0
[  372302ms] [WARNING] The resource https://telemon.online/manifest.json was preloaded using link preload but not used within a few seconds from the window's load event. Please make sure it has an appropriate `as` value and it is preloaded intentionally. @ https://telemon.online/app:0
[  372302ms] [WARNING] The resource https://telemon.online/icons/icon-192.svg was preloaded using link preload but not used within a few seconds from the window's load event. Please make sure it has an appropriate `as` value and it is preloaded intentionally. @ https://telemon.online/app:0
[  402834ms] [WARNING] The resource https://telemon.online/manifest.json was preloaded using link preload but not used within a few seconds from the window's load event. Please make sure it has an appropriate `as` value and it is preloaded intentionally. @ https://telemon.online/app:0
[  402834ms] [WARNING] The resource https://telemon.online/icons/icon-192.svg was preloaded using link preload but not used within a few seconds from the window's load event. Please make sure it has an appropriate `as` value and it is preloaded intentionally. @ https://telemon.online/app:0
[  433705ms] [WARNING] The resource https://telemon.online/manifest.json was preloaded using link preload but not used within a few seconds from the window's load event. Please make sure it has an appropriate `as` value and it is preloaded intentionally. @ https://telemon.online/app:0
[  433705ms] [WARNING] The resource https://telemon.online/icons/icon-192.svg was preloaded using link preload but not used within a few seconds from the window's load event. Please make sure it has an appropriate `as` value and it is preloaded intentionally. @ https://telemon.online/app:0
[  464082ms] [WARNING] The resource https://telemon.online/manifest.json was preloaded using link preload but not used within a few seconds from the window's load event. Please make sure it has an appropriate `as` value and it is preloaded intentionally. @ https://telemon.online/app:0
[  464082ms] [WARNING] The resource https://telemon.online/icons/icon-192.svg was preloaded using link preload but not used within a few seconds from the window's load event. Please make sure it has an appropriate `as` value and it is preloaded intentionally. @ https://telemon.online/app:0
[  494822ms] [WARNING] The resource https://telemon.online/manifest.json was preloaded using link preload but not used within a few seconds from the window's load event. Please make sure it has an appropriate `as` value and it is preloaded intentionally. @ https://telemon.online/app:0
[  494823ms] [WARNING] The resource https://telemon.online/icons/icon-192.svg was preloaded using link preload but not used within a few seconds from the window's load event. Please make sure it has an appropriate `as` value and it is preloaded intentionally. @ https://telemon.online/app:0
[  526922ms] [WARNING] The resource https://telemon.online/manifest.json was preloaded using link preload but not used within a few seconds from the window's load event. Please make sure it has an appropriate `as` value and it is preloaded intentionally. @ https://telemon.online/app:0
[  526922ms] [WARNING] The resource https://telemon.online/icons/icon-192.svg was preloaded using link preload but not used within a few seconds from the window's load event. Please make sure it has an appropriate `as` value and it is preloaded intentionally. @ https://telemon.online/app:0
[  537557ms] [ERROR] Failed to load resource: the server responded with a status of 404 () @ https://telemon.online/api/broadcasts?account_id=86fbf02a-9662-4569-a525-291bf1d59f45&limit=100:0
[  544940ms] [WARNING] The resource https://telemon.online/manifest.json was preloaded using link preload but not used within a few seconds from the window's load event. Please make sure it has an appropriate `as` value and it is preloaded intentionally. @ https://telemon.online/app:0
[  544940ms] [WARNING] The resource https://telemon.online/icons/icon-192.svg was preloaded using link preload but not used within a few seconds from the window's load event. Please make sure it has an appropriate `as` value and it is preloaded intentionally. @ https://telemon.online/app:0
[  557506ms] [WARNING] The resource https://telemon.online/manifest.json was preloaded using link preload but not used within a few seconds from the window's load event. Please make sure it has an appropriate `as` value and it is preloaded intentionally. @ https://telemon.online/app:0
[  557507ms] [WARNING] The resource https://telemon.online/icons/icon-192.svg was preloaded using link preload but not used within a few seconds from the window's load event. Please make sure it has an appropriate `as` value and it is preloaded intentionally. @ https://telemon.online/app:0
[  595459ms] [WARNING] The resource https://telemon.online/manifest.json was preloaded using link preload but not used within a few seconds from the window's load event. Please make sure it has an appropriate `as` value and it is preloaded intentionally. @ https://telemon.online/app:0
[  595459ms] [WARNING] The resource https://telemon.online/icons/icon-192.svg was preloaded using link preload but not used within a few seconds from the window's load event. Please make sure it has an appropriate `as` value and it is preloaded intentionally. @ https://telemon.online/app:0
[  626068ms] [WARNING] The resource https://telemon.online/manifest.json was preloaded using link preload but not used within a few seconds from the window's load event. Please make sure it has an appropriate `as` value and it is preloaded intentionally. @ https://telemon.online/app:0
[  626068ms] [WARNING] The resource https://telemon.online/icons/icon-192.svg was preloaded using link preload but not used within a few seconds from the window's load event. Please make sure it has an appropriate `as` value and it is preloaded intentionally. @ https://telemon.online/app:0
[  645266ms] [WARNING] The resource https://telemon.online/manifest.json was preloaded using link preload but not used within a few seconds from the window's load event. Please make sure it has an appropriate `as` value and it is preloaded intentionally. @ https://telemon.online/app:0
[  645266ms] [WARNING] The resource https://telemon.online/icons/icon-192.svg was preloaded using link preload but not used within a few seconds from the window's load event. Please make sure it has an appropriate `as` value and it is preloaded intentionally. @ https://telemon.online/app:0
[  688478ms] [WARNING] The resource https://telemon.online/manifest.json was preloaded using link preload but not used within a few seconds from the window's load event. Please make sure it has an appropriate `as` value and it is preloaded intentionally. @ https://telemon.online/app:0
[  688478ms] [WARNING] The resource https://telemon.online/icons/icon-192.svg was preloaded using link preload but not used within a few seconds from the window's load event. Please make sure it has an appropriate `as` value and it is preloaded intentionally. @ https://telemon.online/app:0
[  777169ms] [WARNING] The resource https://telemon.online/manifest.json was preloaded using link preload but not used within a few seconds from the window's load event. Please make sure it has an appropriate `as` value and it is preloaded intentionally. @ https://telemon.online/app:0
[  777169ms] [WARNING] The resource https://telemon.online/icons/icon-192.svg was preloaded using link preload but not used within a few seconds from the window's load event. Please make sure it has an appropriate `as` value and it is preloaded intentionally. @ https://telemon.online/app:0
[  797726ms] [ERROR] Failed to load resource: the server responded with a status of 500 () @ https://telemon.online/api/account-health:0
[  800734ms] [WARNING] The resource https://telemon.online/manifest.json was preloaded using link preload but not used within a few seconds from the window's load event. Please make sure it has an appropriate `as` value and it is preloaded intentionally. @ https://telemon.online/app:0
[  800734ms] [WARNING] The resource https://telemon.online/icons/icon-192.svg was preloaded using link preload but not used within a few seconds from the window's load event. Please make sure it has an appropriate `as` value and it is preloaded intentionally. @ https://telemon.online/app:0
[  838469ms] [WARNING] The resource https://telemon.online/manifest.json was preloaded using link preload but not used within a few seconds from the window's load event. Please make sure it has an appropriate `as` value and it is preloaded intentionally. @ https://telemon.online/app:0
[  838470ms] [WARNING] The resource https://telemon.online/icons/icon-192.svg was preloaded using link preload but not used within a few seconds from the window's load event. Please make sure it has an appropriate `as` value and it is preloaded intentionally. @ https://telemon.online/app:0
[  868491ms] [WARNING] The resource https://telemon.online/manifest.json was preloaded using link preload but not used within a few seconds from the window's load event. Please make sure it has an appropriate `as` value and it is preloaded intentionally. @ https://telemon.online/app:0
[  868491ms] [WARNING] The resource https://telemon.online/icons/icon-192.svg was preloaded using link preload but not used within a few seconds from the window's load event. Please make sure it has an appropriate `as` value and it is preloaded intentionally. @ https://telemon.online/app:0
[  900502ms] [WARNING] The resource https://telemon.online/manifest.json was preloaded using link preload but not used within a few seconds from the window's load event. Please make sure it has an appropriate `as` value and it is preloaded intentionally. @ https://telemon.online/app:0
[  900502ms] [WARNING] The resource https://telemon.online/icons/icon-192.svg was preloaded using link preload but not used within a few seconds from the window's load event. Please make sure it has an appropriate `as` value and it is preloaded intentionally. @ https://telemon.online/app:0
[  913981ms] [WARNING] The resource https://telemon.online/manifest.json was preloaded using link preload but not used within a few seconds from the window's load event. Please make sure it has an appropriate `as` value and it is preloaded intentionally. @ https://telemon.online/app:0
[  913981ms] [WARNING] The resource https://telemon.online/icons/icon-192.svg was preloaded using link preload but not used within a few seconds from the window's load event. Please make sure it has an appropriate `as` value and it is preloaded intentionally. @ https://telemon.online/app:0
[  927590ms] [WARNING] The resource https://telemon.online/manifest.json was preloaded using link preload but not used within a few seconds from the window's load event. Please make sure it has an appropriate `as` value and it is preloaded intentionally. @ https://telemon.online/app:0
[  927590ms] [WARNING] The resource https://telemon.online/icons/icon-192.svg was preloaded using link preload but not used within a few seconds from the window's load event. Please make sure it has an appropriate `as` value and it is preloaded intentionally. @ https://telemon.online/app:0
[  931776ms] [WARNING] The resource https://telemon.online/manifest.json was preloaded using link preload but not used within a few seconds from the window's load event. Please make sure it has an appropriate `as` value and it is preloaded intentionally. @ https://telemon.online/app:0
[  931776ms] [WARNING] The resource https://telemon.online/icons/icon-192.svg was preloaded using link preload but not used within a few seconds from the window's load event. Please make sure it has an appropriate `as` value and it is preloaded intentionally. @ https://telemon.online/app:0
[  956080ms] [WARNING] The resource https://telemon.online/manifest.json was preloaded using link preload but not used within a few seconds from the window's load event. Please make sure it has an appropriate `as` value and it is preloaded intentionally. @ https://telemon.online/app:0
[  956081ms] [WARNING] The resource https://telemon.online/icons/icon-192.svg was preloaded using link preload but not used within a few seconds from the window's load event. Please make sure it has an appropriate `as` value and it is preloaded intentionally. @ https://telemon.online/app:0
[  974051ms] [WARNING] The resource https://telemon.online/manifest.json was preloaded using link preload but not used within a few seconds from the window's load event. Please make sure it has an appropriate `as` value and it is preloaded intentionally. @ https://telemon.online/app:0
[  974051ms] [WARNING] The resource https://telemon.online/icons/icon-192.svg was preloaded using link preload but not used within a few seconds from the window's load event. Please make sure it has an appropriate `as` value and it is preloaded intentionally. @ https://telemon.online/app:0
[  983482ms] [WARNING] The resource https://telemon.online/manifest.json was preloaded using link preload but not used within a few seconds from the window's load event. Please make sure it has an appropriate `as` value and it is preloaded intentionally. @ https://telemon.online/app:0
[  983483ms] [WARNING] The resource https://telemon.online/icons/icon-192.svg was preloaded using link preload but not used within a few seconds from the window's load event. Please make sure it has an appropriate `as` value and it is preloaded intentionally. @ https://telemon.online/app:0
[ 1017802ms] [WARNING] The resource https://telemon.online/manifest.json was preloaded using link preload but not used within a few seconds from the window's load event. Please make sure it has an appropriate `as` value and it is preloaded intentionally. @ https://telemon.online/app:0
[ 1017813ms] [WARNING] The resource https://telemon.online/icons/icon-192.svg was preloaded using link preload but not used within a few seconds from the window's load event. Please make sure it has an appropriate `as` value and it is preloaded intentionally. @ https://telemon.online/app:0
[ 1098702ms] [WARNING] The resource https://telemon.online/manifest.json was preloaded using link preload but not used within a few seconds from the window's load event. Please make sure it has an appropriate `as` value and it is preloaded intentionally. @ https://telemon.online/app:0
[ 1098702ms] [WARNING] The resource https://telemon.online/icons/icon-192.svg was preloaded using link preload but not used within a few seconds from the window's load event. Please make sure it has an appropriate `as` value and it is preloaded intentionally. @ https://telemon.online/app:0
[ 1105178ms] [WARNING] The resource https://telemon.online/manifest.json was preloaded using link preload but not used within a few seconds from the window's load event. Please make sure it has an appropriate `as` value and it is preloaded intentionally. @ https://telemon.online/app:0
[ 1105178ms] [WARNING] The resource https://telemon.online/icons/icon-192.svg was preloaded using link preload but not used within a few seconds from the window's load event. Please make sure it has an appropriate `as` value and it is preloaded intentionally. @ https://telemon.online/app:0
[ 1135368ms] [WARNING] The resource https://telemon.online/manifest.json was preloaded using link preload but not used within a few seconds from the window's load event. Please make sure it has an appropriate `as` value and it is preloaded intentionally. @ https://telemon.online/app:0
[ 1135368ms] [WARNING] The resource https://telemon.online/icons/icon-192.svg was preloaded using link preload but not used within a few seconds from the window's load event. Please make sure it has an appropriate `as` value and it is preloaded intentionally. @ https://telemon.online/app:0
[ 1165856ms] [WARNING] The resource https://telemon.online/manifest.json was preloaded using link preload but not used within a few seconds from the window's load event. Please make sure it has an appropriate `as` value and it is preloaded intentionally. @ https://telemon.online/app:0
[ 1165857ms] [WARNING] The resource https://telemon.online/icons/icon-192.svg was preloaded using link preload but not used within a few seconds from the window's load event. Please make sure it has an appropriate `as` value and it is preloaded intentionally. @ https://telemon.online/app:0
[ 1196715ms] [WARNING] The resource https://telemon.online/manifest.json was preloaded using link preload but not used within a few seconds from the window's load event. Please make sure it has an appropriate `as` value and it is preloaded intentionally. @ https://telemon.online/app:0
[ 1196715ms] [WARNING] The resource https://telemon.online/icons/icon-192.svg was preloaded using link preload but not used within a few seconds from the window's load event. Please make sure it has an appropriate `as` value and it is preloaded intentionally. @ https://telemon.online/app:0
[ 1276949ms] [WARNING] The resource https://telemon.online/manifest.json was preloaded using link preload but not used within a few seconds from the window's load event. Please make sure it has an appropriate `as` value and it is preloaded intentionally. @ https://telemon.online/app:0
[ 1276949ms] [WARNING] The resource https://telemon.online/icons/icon-192.svg was preloaded using link preload but not used within a few seconds from the window's load event. Please make sure it has an appropriate `as` value and it is preloaded intentionally. @ https://telemon.online/app:0
[ 1286546ms] [WARNING] The resource https://telemon.online/manifest.json was preloaded using link preload but not used within a few seconds from the window's load event. Please make sure it has an appropriate `as` value and it is preloaded intentionally. @ https://telemon.online/app:0
[ 1286546ms] [WARNING] The resource https://telemon.online/icons/icon-192.svg was preloaded using link preload but not used within a few seconds from the window's load event. Please make sure it has an appropriate `as` value and it is preloaded intentionally. @ https://telemon.online/app:0
[ 1316881ms] [WARNING] The resource https://telemon.online/manifest.json was preloaded using link preload but not used within a few seconds from the window's load event. Please make sure it has an appropriate `as` value and it is preloaded intentionally. @ https://telemon.online/app:0
[ 1316881ms] [WARNING] The resource https://telemon.online/icons/icon-192.svg was preloaded using link preload but not used within a few seconds from the window's load event. Please make sure it has an appropriate `as` value and it is preloaded intentionally. @ https://telemon.online/app:0
[ 1321208ms] [WARNING] The resource https://telemon.online/manifest.json was preloaded using link preload but not used within a few seconds from the window's load event. Please make sure it has an appropriate `as` value and it is preloaded intentionally. @ https://telemon.online/app:0
[ 1321208ms] [WARNING] The resource https://telemon.online/icons/icon-192.svg was preloaded using link preload but not used within a few seconds from the window's load event. Please make sure it has an appropriate `as` value and it is preloaded intentionally. @ https://telemon.online/app:0
[ 1411132ms] [WARNING] The resource https://telemon.online/manifest.json was preloaded using link preload but not used within a few seconds from the window's load event. Please make sure it has an appropriate `as` value and it is preloaded intentionally. @ https://telemon.online/app:0
[ 1411132ms] [WARNING] The resource https://telemon.online/icons/icon-192.svg was preloaded using link preload but not used within a few seconds from the window's load event. Please make sure it has an appropriate `as` value and it is preloaded intentionally. @ https://telemon.online/app:0
[ 1422293ms] [WARNING] The resource https://telemon.online/manifest.json was preloaded using link preload but not used within a few seconds from the window's load event. Please make sure it has an appropriate `as` value and it is preloaded intentionally. @ https://telemon.online/app:0
[ 1422293ms] [WARNING] The resource https://telemon.online/icons/icon-192.svg was preloaded using link preload but not used within a few seconds from the window's load event. Please make sure it has an appropriate `as` value and it is preloaded intentionally. @ https://telemon.online/app:0
[ 1455049ms] [WARNING] The resource https://telemon.online/manifest.json was preloaded using link preload but not used within a few seconds from the window's load event. Please make sure it has an appropriate `as` value and it is preloaded intentionally. @ https://telemon.online/app:0
[ 1455049ms] [WARNING] The resource https://telemon.online/icons/icon-192.svg was preloaded using link preload but not used within a few seconds from the window's load event. Please make sure it has an appropriate `as` value and it is preloaded intentionally. @ https://telemon.online/app:0
[ 1485669ms] [WARNING] The resource https://telemon.online/manifest.json was preloaded using link preload but not used within a few seconds from the window's load event. Please make sure it has an appropriate `as` value and it is preloaded intentionally. @ https://telemon.online/app:0
[ 1485669ms] [WARNING] The resource https://telemon.online/icons/icon-192.svg was preloaded using link preload but not used within a few seconds from the window's load event. Please make sure it has an appropriate `as` value and it is preloaded intentionally. @ https://telemon.online/app:0
[ 1516164ms] [WARNING] The resource https://telemon.online/manifest.json was preloaded using link preload but not used within a few seconds from the window's load event. Please make sure it has an appropriate `as` value and it is preloaded intentionally. @ https://telemon.online/app:0
[ 1516164ms] [WARNING] The resource https://telemon.online/icons/icon-192.svg was preloaded using link preload but not used within a few seconds from the window's load event. Please make sure it has an appropriate `as` value and it is preloaded intentionally. @ https://telemon.online/app:0
[ 1564969ms] [WARNING] The resource https://telemon.online/manifest.json was preloaded using link preload but not used within a few seconds from the window's load event. Please make sure it has an appropriate `as` value and it is preloaded intentionally. @ https://telemon.online/app:0
[ 1564969ms] [WARNING] The resource https://telemon.online/icons/icon-192.svg was preloaded using link preload but not used within a few seconds from the window's load event. Please make sure it has an appropriate `as` value and it is preloaded intentionally. @ https://telemon.online/app:0
[ 1596706ms] [WARNING] The resource https://telemon.online/manifest.json was preloaded using link preload but not used within a few seconds from the window's load event. Please make sure it has an appropriate `as` value and it is preloaded intentionally. @ https://telemon.online/app:0
[ 1596706ms] [WARNING] The resource https://telemon.online/icons/icon-192.svg was preloaded using link preload but not used within a few seconds from the window's load event. Please make sure it has an appropriate `as` value and it is preloaded intentionally. @ https://telemon.online/app:0
[ 1680679ms] [WARNING] The resource https://telemon.online/manifest.json was preloaded using link preload but not used within a few seconds from the window's load event. Please make sure it has an appropriate `as` value and it is preloaded intentionally. @ https://telemon.online/app:0
[ 1680679ms] [WARNING] The resource https://telemon.online/icons/icon-192.svg was preloaded using link preload but not used within a few seconds from the window's load event. Please make sure it has an appropriate `as` value and it is preloaded intentionally. @ https://telemon.online/app:0
[ 1716275ms] [WARNING] The resource https://telemon.online/manifest.json was preloaded using link preload but not used within a few seconds from the window's load event. Please make sure it has an appropriate `as` value and it is preloaded intentionally. @ https://telemon.online/app:0
[ 1716275ms] [WARNING] The resource https://telemon.online/icons/icon-192.svg was preloaded using link preload but not used within a few seconds from the window's load event. Please make sure it has an appropriate `as` value and it is preloaded intentionally. @ https://telemon.online/app:0
[ 1740684ms] [WARNING] The resource https://telemon.online/manifest.json was preloaded using link preload but not used within a few seconds from the window's load event. Please make sure it has an appropriate `as` value and it is preloaded intentionally. @ https://telemon.online/app:0
[ 1740684ms] [WARNING] The resource https://telemon.online/icons/icon-192.svg was preloaded using link preload but not used within a few seconds from the window's load event. Please make sure it has an appropriate `as` value and it is preloaded intentionally. @ https://telemon.online/app:0
[ 1746242ms] [WARNING] The resource https://telemon.online/manifest.json was preloaded using link preload but not used within a few seconds from the window's load event. Please make sure it has an appropriate `as` value and it is preloaded intentionally. @ https://telemon.online/app:0
[ 1746242ms] [WARNING] The resource https://telemon.online/icons/icon-192.svg was preloaded using link preload but not used within a few seconds from the window's load event. Please make sure it has an appropriate `as` value and it is preloaded intentionally. @ https://telemon.online/app:0
[ 1778272ms] [WARNING] The resource https://telemon.online/manifest.json was preloaded using link preload but not used within a few seconds from the window's load event. Please make sure it has an appropriate `as` value and it is preloaded intentionally. @ https://telemon.online/app:0
[ 1778273ms] [WARNING] The resource https://telemon.online/icons/icon-192.svg was preloaded using link preload but not used within a few seconds from the window's load event. Please make sure it has an appropriate `as` value and it is preloaded intentionally. @ https://telemon.online/app:0
[ 1792839ms] [WARNING] The resource https://telemon.online/manifest.json was preloaded using link preload but not used within a few seconds from the window's load event. Please make sure it has an appropriate `as` value and it is preloaded intentionally. @ https://telemon.online/app:0
[ 1792839ms] [WARNING] The resource https://telemon.online/icons/icon-192.svg was preloaded using link preload but not used within a few seconds from the window's load event. Please make sure it has an appropriate `as` value and it is preloaded intentionally. @ https://telemon.online/app:0
[ 1833337ms] [WARNING] The resource https://telemon.online/manifest.json was preloaded using link preload but not used within a few seconds from the window's load event. Please make sure it has an appropriate `as` value and it is preloaded intentionally. @ https://telemon.online/app:0
[ 1833337ms] [WARNING] The resource https://telemon.online/icons/icon-192.svg was preloaded using link preload but not used within a few seconds from the window's load event. Please make sure it has an appropriate `as` value and it is preloaded intentionally. @ https://telemon.online/app:0
[ 1863587ms] [WARNING] The resource https://telemon.online/manifest.json was preloaded using link preload but not used within a few seconds from the window's load event. Please make sure it has an appropriate `as` value and it is preloaded intentionally. @ https://telemon.online/app:0
[ 1863587ms] [WARNING] The resource https://telemon.online/icons/icon-192.svg was preloaded using link preload but not used within a few seconds from the window's load event. Please make sure it has an appropriate `as` value and it is preloaded intentionally. @ https://telemon.online/app:0
[ 1894227ms] [WARNING] The resource https://telemon.online/manifest.json was preloaded using link preload but not used within a few seconds from the window's load event. Please make sure it has an appropriate `as` value and it is preloaded intentionally. @ https://telemon.online/app:0
[ 1894227ms] [WARNING] The resource https://telemon.online/icons/icon-192.svg was preloaded using link preload but not used within a few seconds from the window's load event. Please make sure it has an appropriate `as` value and it is preloaded intentionally. @ https://telemon.online/app:0
[ 1925300ms] [WARNING] The resource https://telemon.online/manifest.json was preloaded using link preload but not used within a few seconds from the window's load event. Please make sure it has an appropriate `as` value and it is preloaded intentionally. @ https://telemon.online/app:0
[ 1925300ms] [WARNING] The resource https://telemon.online/icons/icon-192.svg was preloaded using link preload but not used within a few seconds from the window's load event. Please make sure it has an appropriate `as` value and it is preloaded intentionally. @ https://telemon.online/app:0
[ 2017322ms] [WARNING] The resource https://telemon.online/manifest.json was preloaded using link preload but not used within a few seconds from the window's load event. Please make sure it has an appropriate `as` value and it is preloaded intentionally. @ https://telemon.online/app:0
[ 2017323ms] [WARNING] The resource https://telemon.online/icons/icon-192.svg was preloaded using link preload but not used within a few seconds from the window's load event. Please make sure it has an appropriate `as` value and it is preloaded intentionally. @ https://telemon.online/app:0
[ 2048722ms] [WARNING] The resource https://telemon.online/manifest.json was preloaded using link preload but not used within a few seconds from the window's load event. Please make sure it has an appropriate `as` value and it is preloaded intentionally. @ https://telemon.online/app:0
[ 2048722ms] [WARNING] The resource https://telemon.online/icons/icon-192.svg was preloaded using link preload but not used within a few seconds from the window's load event. Please make sure it has an appropriate `as` value and it is preloaded intentionally. @ https://telemon.online/app:0
[ 2079655ms] [WARNING] The resource https://telemon.online/manifest.json was preloaded using link preload but not used within a few seconds from the window's load event. Please make sure it has an appropriate `as` value and it is preloaded intentionally. @ https://telemon.online/app:0
[ 2079655ms] [WARNING] The resource https://telemon.online/icons/icon-192.svg was preloaded using link preload but not used within a few seconds from the window's load event. Please make sure it has an appropriate `as` value and it is preloaded intentionally. @ https://telemon.online/app:0
[ 2112243ms] [WARNING] The resource https://telemon.online/manifest.json was preloaded using link preload but not used within a few seconds from the window's load event. Please make sure it has an appropriate `as` value and it is preloaded intentionally. @ https://telemon.online/app:0
[ 2112243ms] [WARNING] The resource https://telemon.online/icons/icon-192.svg was preloaded using link preload but not used within a few seconds from the window's load event. Please make sure it has an appropriate `as` value and it is preloaded intentionally. @ https://telemon.online/app:0
[ 2175637ms] [WARNING] The resource https://telemon.online/manifest.json was preloaded using link preload but not used within a few seconds from the window's load event. Please make sure it has an appropriate `as` value and it is preloaded intentionally. @ https://telemon.online/app:0
[ 2175644ms] [WARNING] The resource https://telemon.online/icons/icon-192.svg was preloaded using link preload but not used within a few seconds from the window's load event. Please make sure it has an appropriate `as` value and it is preloaded intentionally. @ https://telemon.online/app:0
[ 2204664ms] [WARNING] The resource https://telemon.online/manifest.json was preloaded using link preload but not used within a few seconds from the window's load event. Please make sure it has an appropriate `as` value and it is preloaded intentionally. @ https://telemon.online/app:0
[ 2204664ms] [WARNING] The resource https://telemon.online/icons/icon-192.svg was preloaded using link preload but not used within a few seconds from the window's load event. Please make sure it has an appropriate `as` value and it is preloaded intentionally. @ https://telemon.online/app:0
[ 2235404ms] [WARNING] The resource https://telemon.online/manifest.json was preloaded using link preload but not used within a few seconds from the window's load event. Please make sure it has an appropriate `as` value and it is preloaded intentionally. @ https://telemon.online/app:0
[ 2235404ms] [WARNING] The resource https://telemon.online/icons/icon-192.svg was preloaded using link preload but not used within a few seconds from the window's load event. Please make sure it has an appropriate `as` value and it is preloaded intentionally. @ https://telemon.online/app:0
[ 2292389ms] [ERROR] Failed to load resource: the server responded with a status of 500 () @ https://telemon.online/api/accounts:0
[ 2292478ms] [WARNING] [RuntimeManager] accounts refresh failed: ApiError: Internal Server Error
    at r (https://telemon.online/_next/static/chunks/960-2a1a2d63807216b1.js:1:3666)
    at async Object.s (https://telemon.online/_next/static/chunks/960-2a1a2d63807216b1.js:1:4108)
    at async c._refreshAccounts (https://telemon.online/_next/static/chunks/4936-48990ef836bbcb20.js:1:11500)
    at async c._backgroundPoll (https://telemon.online/_next/static/chunks/4936-48990ef836bbcb20.js:1:12083)
    at async https://telemon.online/_next/static/chunks/4936-48990ef836bbcb20.js:1:11925 @ https://telemon.online/_next/static/chunks/4936-48990ef836bbcb20.js:0
[ 2295459ms] [WARNING] The resource https://telemon.online/manifest.json was preloaded using link preload but not used within a few seconds from the window's load event. Please make sure it has an appropriate `as` value and it is preloaded intentionally. @ https://telemon.online/app:0
[ 2295459ms] [WARNING] The resource https://telemon.online/icons/icon-192.svg was preloaded using link preload but not used within a few seconds from the window's load event. Please make sure it has an appropriate `as` value and it is preloaded intentionally. @ https://telemon.online/app:0
[ 2305378ms] [WARNING] The resource https://telemon.online/manifest.json was preloaded using link preload but not used within a few seconds from the window's load event. Please make sure it has an appropriate `as` value and it is preloaded intentionally. @ https://telemon.online/app:0
[ 2305378ms] [WARNING] The resource https://telemon.online/icons/icon-192.svg was preloaded using link preload but not used within a few seconds from the window's load event. Please make sure it has an appropriate `as` value and it is preloaded intentionally. @ https://telemon.online/app:0
[ 2311867ms] [WARNING] The resource https://telemon.online/manifest.json was preloaded using link preload but not used within a few seconds from the window's load event. Please make sure it has an appropriate `as` value and it is preloaded intentionally. @ https://telemon.online/app:0
[ 2311868ms] [WARNING] The resource https://telemon.online/icons/icon-192.svg was preloaded using link preload but not used within a few seconds from the window's load event. Please make sure it has an appropriate `as` value and it is preloaded intentionally. @ https://telemon.online/app:0
[ 2325312ms] [WARNING] The resource https://telemon.online/manifest.json was preloaded using link preload but not used within a few seconds from the window's load event. Please make sure it has an appropriate `as` value and it is preloaded intentionally. @ https://telemon.online/app:0
[ 2325312ms] [WARNING] The resource https://telemon.online/icons/icon-192.svg was preloaded using link preload but not used within a few seconds from the window's load event. Please make sure it has an appropriate `as` value and it is preloaded intentionally. @ https://telemon.online/app:0
[ 2342491ms] [WARNING] The resource https://telemon.online/manifest.json was preloaded using link preload but not used within a few seconds from the window's load event. Please make sure it has an appropriate `as` value and it is preloaded intentionally. @ https://telemon.online/app:0
[ 2342492ms] [WARNING] The resource https://telemon.online/icons/icon-192.svg was preloaded using link preload but not used within a few seconds from the window's load event. Please make sure it has an appropriate `as` value and it is preloaded intentionally. @ https://telemon.online/app:0
[ 2372953ms] [WARNING] The resource https://telemon.online/manifest.json was preloaded using link preload but not used within a few seconds from the window's load event. Please make sure it has an appropriate `as` value and it is preloaded intentionally. @ https://telemon.online/app:0
[ 2372953ms] [WARNING] The resource https://telemon.online/icons/icon-192.svg was preloaded using link preload but not used within a few seconds from the window's load event. Please make sure it has an appropriate `as` value and it is preloaded intentionally. @ https://telemon.online/app:0
[ 2404907ms] [WARNING] The resource https://telemon.online/manifest.json was preloaded using link preload but not used within a few seconds from the window's load event. Please make sure it has an appropriate `as` value and it is preloaded intentionally. @ https://telemon.online/app:0
[ 2404907ms] [WARNING] The resource https://telemon.online/icons/icon-192.svg was preloaded using link preload but not used within a few seconds from the window's load event. Please make sure it has an appropriate `as` value and it is preloaded intentionally. @ https://telemon.online/app:0
[ 2436580ms] [WARNING] The resource https://telemon.online/manifest.json was preloaded using link preload but not used within a few seconds from the window's load event. Please make sure it has an appropriate `as` value and it is preloaded intentionally. @ https://telemon.online/app:0
[ 2436580ms] [WARNING] The resource https://telemon.online/icons/icon-192.svg was preloaded using link preload but not used within a few seconds from the window's load event. Please make sure it has an appropriate `as` value and it is preloaded intentionally. @ https://telemon.online/app:0
[ 2486141ms] [WARNING] The resource https://telemon.online/manifest.json was preloaded using link preload but not used within a few seconds from the window's load event. Please make sure it has an appropriate `as` value and it is preloaded intentionally. @ https://telemon.online/app:0
[ 2486141ms] [WARNING] The resource https://telemon.online/icons/icon-192.svg was preloaded using link preload but not used within a few seconds from the window's load event. Please make sure it has an appropriate `as` value and it is preloaded intentionally. @ https://telemon.online/app:0
[ 2516782ms] [WARNING] The resource https://telemon.online/manifest.json was preloaded using link preload but not used within a few seconds from the window's load event. Please make sure it has an appropriate `as` value and it is preloaded intentionally. @ https://telemon.online/app:0
[ 2516782ms] [WARNING] The resource https://telemon.online/icons/icon-192.svg was preloaded using link preload but not used within a few seconds from the window's load event. Please make sure it has an appropriate `as` value and it is preloaded intentionally. @ https://telemon.online/app:0
[ 2547373ms] [WARNING] The resource https://telemon.online/manifest.json was preloaded using link preload but not used within a few seconds from the window's load event. Please make sure it has an appropriate `as` value and it is preloaded intentionally. @ https://telemon.online/app:0
[ 2547373ms] [WARNING] The resource https://telemon.online/icons/icon-192.svg was preloaded using link preload but not used within a few seconds from the window's load event. Please make sure it has an appropriate `as` value and it is preloaded intentionally. @ https://telemon.online/app:0
[ 2606529ms] [WARNING] The resource https://telemon.online/manifest.json was preloaded using link preload but not used within a few seconds from the window's load event. Please make sure it has an appropriate `as` value and it is preloaded intentionally. @ https://telemon.online/app:0
[ 2606529ms] [WARNING] The resource https://telemon.online/icons/icon-192.svg was preloaded using link preload but not used within a few seconds from the window's load event. Please make sure it has an appropriate `as` value and it is preloaded intentionally. @ https://telemon.online/app:0
[ 2667268ms] [WARNING] The resource https://telemon.online/manifest.json was preloaded using link preload but not used within a few seconds from the window's load event. Please make sure it has an appropriate `as` value and it is preloaded intentionally. @ https://telemon.online/app:0
[ 2667268ms] [WARNING] The resource https://telemon.online/icons/icon-192.svg was preloaded using link preload but not used within a few seconds from the window's load event. Please make sure it has an appropriate `as` value and it is preloaded intentionally. @ https://telemon.online/app:0
[ 2697365ms] [WARNING] The resource https://telemon.online/manifest.json was preloaded using link preload but not used within a few seconds from the window's load event. Please make sure it has an appropriate `as` value and it is preloaded intentionally. @ https://telemon.online/app:0
[ 2697365ms] [WARNING] The resource https://telemon.online/icons/icon-192.svg was preloaded using link preload but not used within a few seconds from the window's load event. Please make sure it has an appropriate `as` value and it is preloaded intentionally. @ https://telemon.online/app:0
[ 2706869ms] [ERROR] Failed to load resource: the server responded with a status of 500 () @ https://telemon.online/api/account-health:0
[ 2709921ms] [WARNING] The resource https://telemon.online/manifest.json was preloaded using link preload but not used within a few seconds from the window's load event. Please make sure it has an appropriate `as` value and it is preloaded intentionally. @ https://telemon.online/app:0
[ 2709921ms] [WARNING] The resource https://telemon.online/icons/icon-192.svg was preloaded using link preload but not used within a few seconds from the window's load event. Please make sure it has an appropriate `as` value and it is preloaded intentionally. @ https://telemon.online/app:0
[ 2729377ms] [WARNING] The resource https://telemon.online/manifest.json was preloaded using link preload but not used within a few seconds from the window's load event. Please make sure it has an appropriate `as` value and it is preloaded intentionally. @ https://telemon.online/app:0
[ 2729377ms] [WARNING] The resource https://telemon.online/icons/icon-192.svg was preloaded using link preload but not used within a few seconds from the window's load event. Please make sure it has an appropriate `as` value and it is preloaded intentionally. @ https://telemon.online/app:0
[ 2751216ms] [WARNING] The resource https://telemon.online/manifest.json was preloaded using link preload but not used within a few seconds from the window's load event. Please make sure it has an appropriate `as` value and it is preloaded intentionally. @ https://telemon.online/app:0
[ 2751216ms] [WARNING] The resource https://telemon.online/icons/icon-192.svg was preloaded using link preload but not used within a few seconds from the window's load event. Please make sure it has an appropriate `as` value and it is preloaded intentionally. @ https://telemon.online/app:0
[ 2755225ms] [WARNING] The resource https://telemon.online/manifest.json was preloaded using link preload but not used within a few seconds from the window's load event. Please make sure it has an appropriate `as` value and it is preloaded intentionally. @ https://telemon.online/app:0
[ 2755226ms] [WARNING] The resource https://telemon.online/icons/icon-192.svg was preloaded using link preload but not used within a few seconds from the window's load event. Please make sure it has an appropriate `as` value and it is preloaded intentionally. @ https://telemon.online/app:0
[ 2791885ms] [WARNING] The resource https://telemon.online/manifest.json was preloaded using link preload but not used within a few seconds from the window's load event. Please make sure it has an appropriate `as` value and it is preloaded intentionally. @ https://telemon.online/app:0
[ 2791886ms] [WARNING] The resource https://telemon.online/icons/icon-192.svg was preloaded using link preload but not used within a few seconds from the window's load event. Please make sure it has an appropriate `as` value and it is preloaded intentionally. @ https://telemon.online/app:0
[ 2822666ms] [WARNING] The resource https://telemon.online/manifest.json was preloaded using link preload but not used within a few seconds from the window's load event. Please make sure it has an appropriate `as` value and it is preloaded intentionally. @ https://telemon.online/app:0
[ 2822666ms] [WARNING] The resource https://telemon.online/icons/icon-192.svg was preloaded using link preload but not used within a few seconds from the window's load event. Please make sure it has an appropriate `as` value and it is preloaded intentionally. @ https://telemon.online/app:0
[ 2911707ms] [WARNING] The resource https://telemon.online/manifest.json was preloaded using link preload but not used within a few seconds from the window's load event. Please make sure it has an appropriate `as` value and it is preloaded intentionally. @ https://telemon.online/app:0
[ 2911707ms] [WARNING] The resource https://telemon.online/icons/icon-192.svg was preloaded using link preload but not used within a few seconds from the window's load event. Please make sure it has an appropriate `as` value and it is preloaded intentionally. @ https://telemon.online/app:0
[ 2926543ms] [WARNING] The resource https://telemon.online/manifest.json was preloaded using link preload but not used within a few seconds from the window's load event. Please make sure it has an appropriate `as` value and it is preloaded intentionally. @ https://telemon.online/app:0
[ 2926543ms] [WARNING] The resource https://telemon.online/icons/icon-192.svg was preloaded using link preload but not used within a few seconds from the window's load event. Please make sure it has an appropriate `as` value and it is preloaded intentionally. @ https://telemon.online/app:0
[ 2957057ms] [WARNING] The resource https://telemon.online/manifest.json was preloaded using link preload but not used within a few seconds from the window's load event. Please make sure it has an appropriate `as` value and it is preloaded intentionally. @ https://telemon.online/app:0
[ 2957057ms] [WARNING] The resource https://telemon.online/icons/icon-192.svg was preloaded using link preload but not used within a few seconds from the window's load event. Please make sure it has an appropriate `as` value and it is preloaded intentionally. @ https://telemon.online/app:0
[ 2987479ms] [WARNING] The resource https://telemon.online/manifest.json was preloaded using link preload but not used within a few seconds from the window's load event. Please make sure it has an appropriate `as` value and it is preloaded intentionally. @ https://telemon.online/app:0
[ 2987479ms] [WARNING] The resource https://telemon.online/icons/icon-192.svg was preloaded using link preload but not used within a few seconds from the window's load event. Please make sure it has an appropriate `as` value and it is preloaded intentionally. @ https://telemon.online/app:0
[ 3018414ms] [WARNING] The resource https://telemon.online/manifest.json was preloaded using link preload but not used within a few seconds from the window's load event. Please make sure it has an appropriate `as` value and it is preloaded intentionally. @ https://telemon.online/app:0
[ 3018414ms] [WARNING] The resource https://telemon.online/icons/icon-192.svg was preloaded using link preload but not used within a few seconds from the window's load event. Please make sure it has an appropriate `as` value and it is preloaded intentionally. @ https://telemon.online/app:0
[ 3093027ms] [WARNING] The resource https://telemon.online/manifest.json was preloaded using link preload but not used within a few seconds from the window's load event. Please make sure it has an appropriate `as` value and it is preloaded intentionally. @ https://telemon.online/app:0
[ 3093027ms] [WARNING] The resource https://telemon.online/icons/icon-192.svg was preloaded using link preload but not used within a few seconds from the window's load event. Please make sure it has an appropriate `as` value and it is preloaded intentionally. @ https://telemon.online/app:0
[ 3110231ms] [WARNING] The resource https://telemon.online/manifest.json was preloaded using link preload but not used within a few seconds from the window's load event. Please make sure it has an appropriate `as` value and it is preloaded intentionally. @ https://telemon.online/app:0
[ 3110231ms] [WARNING] The resource https://telemon.online/icons/icon-192.svg was preloaded using link preload but not used within a few seconds from the window's load event. Please make sure it has an appropriate `as` value and it is preloaded intentionally. @ https://telemon.online/app:0
[ 3140850ms] [WARNING] The resource https://telemon.online/manifest.json was preloaded using link preload but not used within a few seconds from the window's load event. Please make sure it has an appropriate `as` value and it is preloaded intentionally. @ https://telemon.online/app:0
[ 3140851ms] [WARNING] The resource https://telemon.online/icons/icon-192.svg was preloaded using link preload but not used within a few seconds from the window's load event. Please make sure it has an appropriate `as` value and it is preloaded intentionally. @ https://telemon.online/app:0
[ 3193415ms] [WARNING] The resource https://telemon.online/manifest.json was preloaded using link preload but not used within a few seconds from the window's load event. Please make sure it has an appropriate `as` value and it is preloaded intentionally. @ https://telemon.online/app:0
[ 3193416ms] [WARNING] The resource https://telemon.online/icons/icon-192.svg was preloaded using link preload but not used within a few seconds from the window's load event. Please make sure it has an appropriate `as` value and it is preloaded intentionally. @ https://telemon.online/app:0
[ 3223906ms] [WARNING] The resource https://telemon.online/manifest.json was preloaded using link preload but not used within a few seconds from the window's load event. Please make sure it has an appropriate `as` value and it is preloaded intentionally. @ https://telemon.online/app:0
[ 3223906ms] [WARNING] The resource https://telemon.online/icons/icon-192.svg was preloaded using link preload but not used within a few seconds from the window's load event. Please make sure it has an appropriate `as` value and it is preloaded intentionally. @ https://telemon.online/app:0
[ 3254241ms] [WARNING] The resource https://telemon.online/manifest.json was preloaded using link preload but not used within a few seconds from the window's load event. Please make sure it has an appropriate `as` value and it is preloaded intentionally. @ https://telemon.online/app:0
[ 3254241ms] [WARNING] The resource https://telemon.online/icons/icon-192.svg was preloaded using link preload but not used within a few seconds from the window's load event. Please make sure it has an appropriate `as` value and it is preloaded intentionally. @ https://telemon.online/app:0
[ 3284733ms] [WARNING] The resource https://telemon.online/manifest.json was preloaded using link preload but not used within a few seconds from the window's load event. Please make sure it has an appropriate `as` value and it is preloaded intentionally. @ https://telemon.online/app:0
[ 3284733ms] [WARNING] The resource https://telemon.online/icons/icon-192.svg was preloaded using link preload but not used within a few seconds from the window's load event. Please make sure it has an appropriate `as` value and it is preloaded intentionally. @ https://telemon.online/app:0
[ 3315136ms] [WARNING] The resource https://telemon.online/manifest.json was preloaded using link preload but not used within a few seconds from the window's load event. Please make sure it has an appropriate `as` value and it is preloaded intentionally. @ https://telemon.online/app:0
[ 3315136ms] [WARNING] The resource https://telemon.online/icons/icon-192.svg was preloaded using link preload but not used within a few seconds from the window's load event. Please make sure it has an appropriate `as` value and it is preloaded intentionally. @ https://telemon.online/app:0
[ 3345827ms] [WARNING] The resource https://telemon.online/manifest.json was preloaded using link preload but not used within a few seconds from the window's load event. Please make sure it has an appropriate `as` value and it is preloaded intentionally. @ https://telemon.online/app:0
[ 3345827ms] [WARNING] The resource https://telemon.online/icons/icon-192.svg was preloaded using link preload but not used within a few seconds from the window's load event. Please make sure it has an appropriate `as` value and it is preloaded intentionally. @ https://telemon.online/app:0
[ 3376536ms] [WARNING] The resource https://telemon.online/manifest.json was preloaded using link preload but not used within a few seconds from the window's load event. Please make sure it has an appropriate `as` value and it is preloaded intentionally. @ https://telemon.online/app:0
[ 3376536ms] [WARNING] The resource https://telemon.online/icons/icon-192.svg was preloaded using link preload but not used within a few seconds from the window's load event. Please make sure it has an appropriate `as` value and it is preloaded intentionally. @ https://telemon.online/app:0
[ 3407218ms] [WARNING] The resource https://telemon.online/manifest.json was preloaded using link preload but not used within a few seconds from the window's load event. Please make sure it has an appropriate `as` value and it is preloaded intentionally. @ https://telemon.online/app:0
[ 3407218ms] [WARNING] The resource https://telemon.online/icons/icon-192.svg was preloaded using link preload but not used within a few seconds from the window's load event. Please make sure it has an appropriate `as` value and it is preloaded intentionally. @ https://telemon.online/app:0
[ 3439491ms] [WARNING] The resource https://telemon.online/manifest.json was preloaded using link preload but not used within a few seconds from the window's load event. Please make sure it has an appropriate `as` value and it is preloaded intentionally. @ https://telemon.online/app:0
[ 3439491ms] [WARNING] The resource https://telemon.online/icons/icon-192.svg was preloaded using link preload but not used within a few seconds from the window's load event. Please make sure it has an appropriate `as` value and it is preloaded intentionally. @ https://telemon.online/app:0
[ 3484044ms] [WARNING] The resource https://telemon.online/manifest.json was preloaded using link preload but not used within a few seconds from the window's load event. Please make sure it has an appropriate `as` value and it is preloaded intentionally. @ https://telemon.online/app:0
[ 3484044ms] [WARNING] The resource https://telemon.online/icons/icon-192.svg was preloaded using link preload but not used within a few seconds from the window's load event. Please make sure it has an appropriate `as` value and it is preloaded intentionally. @ https://telemon.online/app:0
[ 3533801ms] [WARNING] The resource https://telemon.online/manifest.json was preloaded using link preload but not used within a few seconds from the window's load event. Please make sure it has an appropriate `as` value and it is preloaded intentionally. @ https://telemon.online/app:0
[ 3533801ms] [WARNING] The resource https://telemon.online/icons/icon-192.svg was preloaded using link preload but not used within a few seconds from the window's load event. Please make sure it has an appropriate `as` value and it is preloaded intentionally. @ https://telemon.online/app:0
[ 3546538ms] [ERROR] Failed to load resource: the server responded with a status of 500 () @ https://telemon.online/api/account-health:0
[ 3549565ms] [WARNING] The resource https://telemon.online/manifest.json was preloaded using link preload but not used within a few seconds from the window's load event. Please make sure it has an appropriate `as` value and it is preloaded intentionally. @ https://telemon.online/app:0
[ 3549565ms] [WARNING] The resource https://telemon.online/icons/icon-192.svg was preloaded using link preload but not used within a few seconds from the window's load event. Please make sure it has an appropriate `as` value and it is preloaded intentionally. @ https://telemon.online/app:0
[ 3562864ms] [WARNING] The resource https://telemon.online/manifest.json was preloaded using link preload but not used within a few seconds from the window's load event. Please make sure it has an appropriate `as` value and it is preloaded intentionally. @ https://telemon.online/app:0
[ 3562864ms] [WARNING] The resource https://telemon.online/icons/icon-192.svg was preloaded using link preload but not used within a few seconds from the window's load event. Please make sure it has an appropriate `as` value and it is preloaded intentionally. @ https://telemon.online/app:0
[ 3589490ms] [WARNING] The resource https://telemon.online/manifest.json was preloaded using link preload but not used within a few seconds from the window's load event. Please make sure it has an appropriate `as` value and it is preloaded intentionally. @ https://telemon.online/app:0
[ 3589491ms] [WARNING] The resource https://telemon.online/icons/icon-192.svg was preloaded using link preload but not used within a few seconds from the window's load event. Please make sure it has an appropriate `as` value and it is preloaded intentionally. @ https://telemon.online/app:0
[ 3593852ms] [WARNING] The resource https://telemon.online/manifest.json was preloaded using link preload but not used within a few seconds from the window's load event. Please make sure it has an appropriate `as` value and it is preloaded intentionally. @ https://telemon.online/app:0
[ 3593853ms] [WARNING] The resource https://telemon.online/icons/icon-192.svg was preloaded using link preload but not used within a few seconds from the window's load event. Please make sure it has an appropriate `as` value and it is preloaded intentionally. @ https://telemon.online/app:0
[ 3619499ms] [WARNING] The resource https://telemon.online/manifest.json was preloaded using link preload but not used within a few seconds from the window's load event. Please make sure it has an appropriate `as` value and it is preloaded intentionally. @ https://telemon.online/app:0
[ 3619500ms] [WARNING] The resource https://telemon.online/icons/icon-192.svg was preloaded using link preload but not used within a few seconds from the window's load event. Please make sure it has an appropriate `as` value and it is preloaded intentionally. @ https://telemon.online/app:0
[ 3641710ms] [WARNING] The resource https://telemon.online/manifest.json was preloaded using link preload but not used within a few seconds from the window's load event. Please make sure it has an appropriate `as` value and it is preloaded intentionally. @ https://telemon.online/app:0
[ 3641710ms] [WARNING] The resource https://telemon.online/icons/icon-192.svg was preloaded using link preload but not used within a few seconds from the window's load event. Please make sure it has an appropriate `as` value and it is preloaded intentionally. @ https://telemon.online/app:0
[ 3651542ms] [WARNING] The resource https://telemon.online/manifest.json was preloaded using link preload but not used within a few seconds from the window's load event. Please make sure it has an appropriate `as` value and it is preloaded intentionally. @ https://telemon.online/app:0
[ 3651543ms] [WARNING] The resource https://telemon.online/icons/icon-192.svg was preloaded using link preload but not used within a few seconds from the window's load event. Please make sure it has an appropriate `as` value and it is preloaded intentionally. @ https://telemon.online/app:0
[ 3655859ms] [WARNING] The resource https://telemon.online/manifest.json was preloaded using link preload but not used within a few seconds from the window's load event. Please make sure it has an appropriate `as` value and it is preloaded intentionally. @ https://telemon.online/app:0
[ 3655859ms] [WARNING] The resource https://telemon.online/icons/icon-192.svg was preloaded using link preload but not used within a few seconds from the window's load event. Please make sure it has an appropriate `as` value and it is preloaded intentionally. @ https://telemon.online/app:0
[ 3681497ms] [WARNING] The resource https://telemon.online/manifest.json was preloaded using link preload but not used within a few seconds from the window's load event. Please make sure it has an appropriate `as` value and it is preloaded intentionally. @ https://telemon.online/app:0
[ 3681497ms] [WARNING] The resource https://telemon.online/icons/icon-192.svg was preloaded using link preload but not used within a few seconds from the window's load event. Please make sure it has an appropriate `as` value and it is preloaded intentionally. @ https://telemon.online/app:0
[ 3688938ms] [WARNING] The resource https://telemon.online/manifest.json was preloaded using link preload but not used within a few seconds from the window's load event. Please make sure it has an appropriate `as` value and it is preloaded intentionally. @ https://telemon.online/app:0
[ 3688938ms] [WARNING] The resource https://telemon.online/icons/icon-192.svg was preloaded using link preload but not used within a few seconds from the window's load event. Please make sure it has an appropriate `as` value and it is preloaded intentionally. @ https://telemon.online/app:0
[ 3694443ms] [WARNING] The resource https://telemon.online/manifest.json was preloaded using link preload but not used within a few seconds from the window's load event. Please make sure it has an appropriate `as` value and it is preloaded intentionally. @ https://telemon.online/app:0
[ 3694443ms] [WARNING] The resource https://telemon.online/icons/icon-192.svg was preloaded using link preload but not used within a few seconds from the window's load event. Please make sure it has an appropriate `as` value and it is preloaded intentionally. @ https://telemon.online/app:0
[ 3724939ms] [WARNING] The resource https://telemon.online/manifest.json was preloaded using link preload but not used within a few seconds from the window's load event. Please make sure it has an appropriate `as` value and it is preloaded intentionally. @ https://telemon.online/app:0
[ 3724939ms] [WARNING] The resource https://telemon.online/icons/icon-192.svg was preloaded using link preload but not used within a few seconds from the window's load event. Please make sure it has an appropriate `as` value and it is preloaded intentionally. @ https://telemon.online/app:0
[ 3795354ms] [ERROR] Failed to load resource: the server responded with a status of 500 () @ https://telemon.online/api/accounts:0
[ 3795355ms] [WARNING] [RuntimeManager] accounts refresh failed: ApiError: Internal Server Error
    at r (https://telemon.online/_next/static/chunks/960-2a1a2d63807216b1.js:1:3666)
    at async Object.s (https://telemon.online/_next/static/chunks/960-2a1a2d63807216b1.js:1:4108)
    at async c._refreshAccounts (https://telemon.online/_next/static/chunks/4936-48990ef836bbcb20.js:1:11500)
    at async c._backgroundPoll (https://telemon.online/_next/static/chunks/4936-48990ef836bbcb20.js:1:12083)
    at async https://telemon.online/_next/static/chunks/4936-48990ef836bbcb20.js:1:11925 @ https://telemon.online/_next/static/chunks/4936-48990ef836bbcb20.js:0
[ 3796199ms] [ERROR] Failed to load resource: net::ERR_NETWORK_IO_SUSPENDED @ https://telemon.online/api/account-health:0
[ 3796201ms] [ERROR] Failed to load resource: net::ERR_NETWORK_IO_SUSPENDED @ https://telemon.online/api/logs?account_id=86fbf02a-9662-4569-a525-291bf1d59f45:0
[ 3796201ms] [ERROR] Failed to load resource: net::ERR_NETWORK_IO_SUSPENDED @ https://telemon.online/api/accounts/86fbf02a-9662-4569-a525-291bf1d59f45/groups?page_size=200:0
[ 3796202ms] [ERROR] Failed to load resource: net::ERR_NETWORK_IO_SUSPENDED @ https://telemon.online/api/account-health:0
[ 3796202ms] [ERROR] Failed to load resource: net::ERR_NETWORK_IO_SUSPENDED @ https://telemon.online/api/account-health:0
[ 3799220ms] [WARNING] The resource https://telemon.online/manifest.json was preloaded using link preload but not used within a few seconds from the window's load event. Please make sure it has an appropriate `as` value and it is preloaded intentionally. @ https://telemon.online/app:0
[ 3799220ms] [WARNING] The resource https://telemon.online/icons/icon-192.svg was preloaded using link preload but not used within a few seconds from the window's load event. Please make sure it has an appropriate `as` value and it is preloaded intentionally. @ https://telemon.online/app:0
[ 3811540ms] [WARNING] The resource https://telemon.online/manifest.json was preloaded using link preload but not used within a few seconds from the window's load event. Please make sure it has an appropriate `as` value and it is preloaded intentionally. @ https://telemon.online/app:0
[ 3811540ms] [WARNING] The resource https://telemon.online/icons/icon-192.svg was preloaded using link preload but not used within a few seconds from the window's load event. Please make sure it has an appropriate `as` value and it is preloaded intentionally. @ https://telemon.online/app:0
[ 3814932ms] [WARNING] The resource https://telemon.online/manifest.json was preloaded using link preload but not used within a few seconds from the window's load event. Please make sure it has an appropriate `as` value and it is preloaded intentionally. @ https://telemon.online/app:0
[ 3814932ms] [WARNING] The resource https://telemon.online/icons/icon-192.svg was preloaded using link preload but not used within a few seconds from the window's load event. Please make sure it has an appropriate `as` value and it is preloaded intentionally. @ https://telemon.online/app:0
[ 3842140ms] [WARNING] The resource https://telemon.online/manifest.json was preloaded using link preload but not used within a few seconds from the window's load event. Please make sure it has an appropriate `as` value and it is preloaded intentionally. @ https://telemon.online/app:0
[ 3842140ms] [WARNING] The resource https://telemon.online/icons/icon-192.svg was preloaded using link preload but not used within a few seconds from the window's load event. Please make sure it has an appropriate `as` value and it is preloaded intentionally. @ https://telemon.online/app:0
[ 3872633ms] [WARNING] The resource https://telemon.online/manifest.json was preloaded using link preload but not used within a few seconds from the window's load event. Please make sure it has an appropriate `as` value and it is preloaded intentionally. @ https://telemon.online/app:0
[ 3872633ms] [WARNING] The resource https://telemon.online/icons/icon-192.svg was preloaded using link preload but not used within a few seconds from the window's load event. Please make sure it has an appropriate `as` value and it is preloaded intentionally. @ https://telemon.online/app:0
[ 3928233ms] [WARNING] The resource https://telemon.online/manifest.json was preloaded using link preload but not used within a few seconds from the window's load event. Please make sure it has an appropriate `as` value and it is preloaded intentionally. @ https://telemon.online/app:0
[ 3928234ms] [WARNING] The resource https://telemon.online/icons/icon-192.svg was preloaded using link preload but not used within a few seconds from the window's load event. Please make sure it has an appropriate `as` value and it is preloaded intentionally. @ https://telemon.online/app:0
[ 4010004ms] [WARNING] The resource https://telemon.online/manifest.json was preloaded using link preload but not used within a few seconds from the window's load event. Please make sure it has an appropriate `as` value and it is preloaded intentionally. @ https://telemon.online/app:0
[ 4010004ms] [WARNING] The resource https://telemon.online/icons/icon-192.svg was preloaded using link preload but not used within a few seconds from the window's load event. Please make sure it has an appropriate `as` value and it is preloaded intentionally. @ https://telemon.online/app:0
[ 4013851ms] [WARNING] The resource https://telemon.online/manifest.json was preloaded using link preload but not used within a few seconds from the window's load event. Please make sure it has an appropriate `as` value and it is preloaded intentionally. @ https://telemon.online/app:0
[ 4013852ms] [WARNING] The resource https://telemon.online/icons/icon-192.svg was preloaded using link preload but not used within a few seconds from the window's load event. Please make sure it has an appropriate `as` value and it is preloaded intentionally. @ https://telemon.online/app:0
[ 4023982ms] [WARNING] The resource https://telemon.online/manifest.json was preloaded using link preload but not used within a few seconds from the window's load event. Please make sure it has an appropriate `as` value and it is preloaded intentionally. @ https://telemon.online/app:0
[ 4023982ms] [WARNING] The resource https://telemon.online/icons/icon-192.svg was preloaded using link preload but not used within a few seconds from the window's load event. Please make sure it has an appropriate `as` value and it is preloaded intentionally. @ https://telemon.online/app:0
[ 4087467ms] [WARNING] The resource https://telemon.online/manifest.json was preloaded using link preload but not used within a few seconds from the window's load event. Please make sure it has an appropriate `as` value and it is preloaded intentionally. @ https://telemon.online/app:0
[ 4087467ms] [WARNING] The resource https://telemon.online/icons/icon-192.svg was preloaded using link preload but not used within a few seconds from the window's load event. Please make sure it has an appropriate `as` value and it is preloaded intentionally. @ https://telemon.online/app:0
[ 4120573ms] [WARNING] The resource https://telemon.online/manifest.json was preloaded using link preload but not used within a few seconds from the window's load event. Please make sure it has an appropriate `as` value and it is preloaded intentionally. @ https://telemon.online/app:0
[ 4120574ms] [WARNING] The resource https://telemon.online/icons/icon-192.svg was preloaded using link preload but not used within a few seconds from the window's load event. Please make sure it has an appropriate `as` value and it is preloaded intentionally. @ https://telemon.online/app:0
[ 4151774ms] [WARNING] The resource https://telemon.online/manifest.json was preloaded using link preload but not used within a few seconds from the window's load event. Please make sure it has an appropriate `as` value and it is preloaded intentionally. @ https://telemon.online/app:0
[ 4151774ms] [WARNING] The resource https://telemon.online/icons/icon-192.svg was preloaded using link preload but not used within a few seconds from the window's load event. Please make sure it has an appropriate `as` value and it is preloaded intentionally. @ https://telemon.online/app:0
[ 4208835ms] [ERROR] Failed to load resource: the server responded with a status of 500 () @ https://telemon.online/api/account-health:0
[ 4211875ms] [WARNING] The resource https://telemon.online/manifest.json was preloaded using link preload but not used within a few seconds from the window's load event. Please make sure it has an appropriate `as` value and it is preloaded intentionally. @ https://telemon.online/app:0
[ 4211875ms] [WARNING] The resource https://telemon.online/icons/icon-192.svg was preloaded using link preload but not used within a few seconds from the window's load event. Please make sure it has an appropriate `as` value and it is preloaded intentionally. @ https://telemon.online/app:0
[ 4234271ms] [WARNING] The resource https://telemon.online/manifest.json was preloaded using link preload but not used within a few seconds from the window's load event. Please make sure it has an appropriate `as` value and it is preloaded intentionally. @ https://telemon.online/app:0
[ 4234271ms] [WARNING] The resource https://telemon.online/icons/icon-192.svg was preloaded using link preload but not used within a few seconds from the window's load event. Please make sure it has an appropriate `as` value and it is preloaded intentionally. @ https://telemon.online/app:0
[ 4237934ms] [WARNING] The resource https://telemon.online/manifest.json was preloaded using link preload but not used within a few seconds from the window's load event. Please make sure it has an appropriate `as` value and it is preloaded intentionally. @ https://telemon.online/app:0
[ 4237934ms] [WARNING] The resource https://telemon.online/icons/icon-192.svg was preloaded using link preload but not used within a few seconds from the window's load event. Please make sure it has an appropriate `as` value and it is preloaded intentionally. @ https://telemon.online/app:0
[ 4327897ms] [WARNING] The resource https://telemon.online/manifest.json was preloaded using link preload but not used within a few seconds from the window's load event. Please make sure it has an appropriate `as` value and it is preloaded intentionally. @ https://telemon.online/app:0
[ 4327898ms] [WARNING] The resource https://telemon.online/icons/icon-192.svg was preloaded using link preload but not used within a few seconds from the window's load event. Please make sure it has an appropriate `as` value and it is preloaded intentionally. @ https://telemon.online/app:0
[ 4332768ms] [WARNING] The resource https://telemon.online/manifest.json was preloaded using link preload but not used within a few seconds from the window's load event. Please make sure it has an appropriate `as` value and it is preloaded intentionally. @ https://telemon.online/app:0
[ 4332768ms] [WARNING] The resource https://telemon.online/icons/icon-192.svg was preloaded using link preload but not used within a few seconds from the window's load event. Please make sure it has an appropriate `as` value and it is preloaded intentionally. @ https://telemon.online/app:0
[ 4367795ms] [WARNING] The resource https://telemon.online/manifest.json was preloaded using link preload but not used within a few seconds from the window's load event. Please make sure it has an appropriate `as` value and it is preloaded intentionally. @ https://telemon.online/app:0
[ 4367795ms] [WARNING] The resource https://telemon.online/icons/icon-192.svg was preloaded using link preload but not used within a few seconds from the window's load event. Please make sure it has an appropriate `as` value and it is preloaded intentionally. @ https://telemon.online/app:0
[ 4388257ms] [ERROR] Failed to load resource: the server responded with a status of 404 () @ https://telemon.online/api/broadcasts?account_id=86fbf02a-9662-4569-a525-291bf1d59f45&limit=100:0
