[     305ms] [ERROR] Failed to load resource: the server responded with a status of 401 () @ https://app.telemon.online/api/accounts:0
[     311ms] [ERROR] Failed to load resource: the server responded with a status of 401 () @ https://app.telemon.online/api/scheduler/status:0
[     311ms] [ERROR] Failed to load resource: the server responded with a status of 404 () @ https://app.telemon.online/api/user/token-balance:0
[     313ms] [ERROR] Failed to load resource: the server responded with a status of 401 () @ https://app.telemon.online/api/accounts:0
[     313ms] [ERROR] Failed to load resource: the server responded with a status of 404 () @ https://app.telemon.online/api/logs/recent:0
[     316ms] [WARNING] [RuntimeManager] accounts refresh failed: ApiError: 인증이 필요합니다.
    at c (https://app.telemon.online/_next/static/chunks/960-2de992fdf9425035.js:1:3687)
    at async Object.s (https://app.telemon.online/_next/static/chunks/960-2de992fdf9425035.js:1:4129)
    at async c._refreshAccounts (https://app.telemon.online/_next/static/chunks/4936-51894e4a8a95055d.js:1:11500)
    at async c._doInit (https://app.telemon.online/_next/static/chunks/4936-51894e4a8a95055d.js:1:6066) @ https://app.telemon.online/_next/static/chunks/4936-51894e4a8a95055d.js:0
[   30358ms] [ERROR] Failed to load resource: the server responded with a status of 404 () @ https://app.telemon.online/api/user/token-balance:0
[   30359ms] [ERROR] Failed to load resource: the server responded with a status of 404 () @ https://app.telemon.online/api/logs/recent:0
[   30367ms] [ERROR] Failed to load resource: the server responded with a status of 401 () @ https://app.telemon.online/api/accounts:0
[   30367ms] [ERROR] Failed to load resource: the server responded with a status of 401 () @ https://app.telemon.online/api/scheduler/status:0
[   30408ms] [ERROR] Failed to load resource: the server responded with a status of 401 () @ https://app.telemon.online/api/accounts:0
[   30409ms] [WARNING] [RuntimeManager] accounts refresh failed: ApiError: 인증이 필요합니다.
    at c (https://app.telemon.online/_next/static/chunks/960-2de992fdf9425035.js:1:3687)
    at async Object.s (https://app.telemon.online/_next/static/chunks/960-2de992fdf9425035.js:1:4129)
    at async c._refreshAccounts (https://app.telemon.online/_next/static/chunks/4936-51894e4a8a95055d.js:1:11500)
    at async c._backgroundPoll (https://app.telemon.online/_next/static/chunks/4936-51894e4a8a95055d.js:1:12083)
    at async https://app.telemon.online/_next/static/chunks/4936-51894e4a8a95055d.js:1:11925 @ https://app.telemon.online/_next/static/chunks/4936-51894e4a8a95055d.js:0
[   60464ms] [ERROR] Failed to load resource: the server responded with a status of 401 () @ https://app.telemon.online/api/accounts:0
[   60464ms] [ERROR] Failed to load resource: the server responded with a status of 401 () @ https://app.telemon.online/api/scheduler/status:0
[   60494ms] [ERROR] Failed to load resource: the server responded with a status of 404 () @ https://app.telemon.online/api/user/token-balance:0
[   60494ms] [ERROR] Failed to load resource: the server responded with a status of 404 () @ https://app.telemon.online/api/logs/recent:0
[   60548ms] [ERROR] Failed to load resource: the server responded with a status of 401 () @ https://app.telemon.online/api/accounts:0
[   60549ms] [WARNING] [RuntimeManager] accounts refresh failed: ApiError: 인증이 필요합니다.
    at c (https://app.telemon.online/_next/static/chunks/960-2de992fdf9425035.js:1:3687)
    at async Object.s (https://app.telemon.online/_next/static/chunks/960-2de992fdf9425035.js:1:4129)
    at async c._refreshAccounts (https://app.telemon.online/_next/static/chunks/4936-51894e4a8a95055d.js:1:11500)
    at async c._backgroundPoll (https://app.telemon.online/_next/static/chunks/4936-51894e4a8a95055d.js:1:12083)
    at async https://app.telemon.online/_next/static/chunks/4936-51894e4a8a95055d.js:1:11925 @ https://app.telemon.online/_next/static/chunks/4936-51894e4a8a95055d.js:0
[   90404ms] [ERROR] Failed to load resource: the server responded with a status of 401 () @ https://app.telemon.online/api/accounts:0
[   90405ms] [ERROR] Failed to load resource: the server responded with a status of 401 () @ https://app.telemon.online/api/scheduler/status:0
[   90405ms] [ERROR] Failed to load resource: the server responded with a status of 404 () @ https://app.telemon.online/api/user/token-balance:0
[   90405ms] [ERROR] Failed to load resource: the server responded with a status of 404 () @ https://app.telemon.online/api/logs/recent:0
[   90634ms] [ERROR] Failed to load resource: the server responded with a status of 401 () @ https://app.telemon.online/api/accounts:0
[   90635ms] [WARNING] [RuntimeManager] accounts refresh failed: ApiError: 인증이 필요합니다.
    at c (https://app.telemon.online/_next/static/chunks/960-2de992fdf9425035.js:1:3687)
    at async Object.s (https://app.telemon.online/_next/static/chunks/960-2de992fdf9425035.js:1:4129)
    at async c._refreshAccounts (https://app.telemon.online/_next/static/chunks/4936-51894e4a8a95055d.js:1:11500)
    at async c._backgroundPoll (https://app.telemon.online/_next/static/chunks/4936-51894e4a8a95055d.js:1:12083)
    at async https://app.telemon.online/_next/static/chunks/4936-51894e4a8a95055d.js:1:11925 @ https://app.telemon.online/_next/static/chunks/4936-51894e4a8a95055d.js:0
[  120387ms] [ERROR] Failed to load resource: the server responded with a status of 401 () @ https://app.telemon.online/api/scheduler/status:0
[  120388ms] [ERROR] Failed to load resource: the server responded with a status of 401 () @ https://app.telemon.online/api/accounts:0
[  120388ms] [ERROR] Failed to load resource: the server responded with a status of 404 () @ https://app.telemon.online/api/user/token-balance:0
[  120389ms] [ERROR] Failed to load resource: the server responded with a status of 404 () @ https://app.telemon.online/api/logs/recent:0
[  120739ms] [ERROR] Failed to load resource: the server responded with a status of 401 () @ https://app.telemon.online/api/accounts:0
[  120740ms] [WARNING] [RuntimeManager] accounts refresh failed: ApiError: 인증이 필요합니다.
    at c (https://app.telemon.online/_next/static/chunks/960-2de992fdf9425035.js:1:3687)
    at async Object.s (https://app.telemon.online/_next/static/chunks/960-2de992fdf9425035.js:1:4129)
    at async c._refreshAccounts (https://app.telemon.online/_next/static/chunks/4936-51894e4a8a95055d.js:1:11500)
    at async c._backgroundPoll (https://app.telemon.online/_next/static/chunks/4936-51894e4a8a95055d.js:1:12083)
    at async https://app.telemon.online/_next/static/chunks/4936-51894e4a8a95055d.js:1:11925 @ https://app.telemon.online/_next/static/chunks/4936-51894e4a8a95055d.js:0
[  150382ms] [ERROR] Failed to load resource: the server responded with a status of 404 () @ https://app.telemon.online/api/logs/recent:0
[  150383ms] [ERROR] Failed to load resource: the server responded with a status of 404 () @ https://app.telemon.online/api/user/token-balance:0
[  150383ms] [ERROR] Failed to load resource: the server responded with a status of 401 () @ https://app.telemon.online/api/scheduler/status:0
[  150389ms] [ERROR] Failed to load resource: the server responded with a status of 401 () @ https://app.telemon.online/api/accounts:0
[  150845ms] [ERROR] Failed to load resource: the server responded with a status of 401 () @ https://app.telemon.online/api/accounts:0
[  150846ms] [WARNING] [RuntimeManager] accounts refresh failed: ApiError: 인증이 필요합니다.
    at c (https://app.telemon.online/_next/static/chunks/960-2de992fdf9425035.js:1:3687)
    at async Object.s (https://app.telemon.online/_next/static/chunks/960-2de992fdf9425035.js:1:4129)
    at async c._refreshAccounts (https://app.telemon.online/_next/static/chunks/4936-51894e4a8a95055d.js:1:11500)
    at async c._backgroundPoll (https://app.telemon.online/_next/static/chunks/4936-51894e4a8a95055d.js:1:12083)
    at async https://app.telemon.online/_next/static/chunks/4936-51894e4a8a95055d.js:1:11925 @ https://app.telemon.online/_next/static/chunks/4936-51894e4a8a95055d.js:0
[  180562ms] [ERROR] Failed to load resource: the server responded with a status of 401 () @ https://app.telemon.online/api/scheduler/status:0
[  180563ms] [ERROR] Failed to load resource: the server responded with a status of 404 () @ https://app.telemon.online/api/logs/recent:0
[  180577ms] [ERROR] Failed to load resource: the server responded with a status of 401 () @ https://app.telemon.online/api/accounts:0
[  180581ms] [ERROR] Failed to load resource: the server responded with a status of 404 () @ https://app.telemon.online/api/user/token-balance:0
[  180965ms] [ERROR] Failed to load resource: the server responded with a status of 401 () @ https://app.telemon.online/api/accounts:0
[  180966ms] [WARNING] [RuntimeManager] accounts refresh failed: ApiError: 인증이 필요합니다.
    at c (https://app.telemon.online/_next/static/chunks/960-2de992fdf9425035.js:1:3687)
    at async Object.s (https://app.telemon.online/_next/static/chunks/960-2de992fdf9425035.js:1:4129)
    at async c._refreshAccounts (https://app.telemon.online/_next/static/chunks/4936-51894e4a8a95055d.js:1:11500)
    at async c._backgroundPoll (https://app.telemon.online/_next/static/chunks/4936-51894e4a8a95055d.js:1:12083)
    at async https://app.telemon.online/_next/static/chunks/4936-51894e4a8a95055d.js:1:11925 @ https://app.telemon.online/_next/static/chunks/4936-51894e4a8a95055d.js:0
[  210410ms] [ERROR] Failed to load resource: the server responded with a status of 401 () @ https://app.telemon.online/api/accounts:0
[  210412ms] [ERROR] Failed to load resource: the server responded with a status of 401 () @ https://app.telemon.online/api/scheduler/status:0
[  210412ms] [ERROR] Failed to load resource: the server responded with a status of 404 () @ https://app.telemon.online/api/user/token-balance:0
[  210415ms] [ERROR] Failed to load resource: the server responded with a status of 404 () @ https://app.telemon.online/api/logs/recent:0
[  211048ms] [ERROR] Failed to load resource: the server responded with a status of 401 () @ https://app.telemon.online/api/accounts:0
[  211049ms] [WARNING] [RuntimeManager] accounts refresh failed: ApiError: 인증이 필요합니다.
    at c (https://app.telemon.online/_next/static/chunks/960-2de992fdf9425035.js:1:3687)
    at async Object.s (https://app.telemon.online/_next/static/chunks/960-2de992fdf9425035.js:1:4129)
    at async c._refreshAccounts (https://app.telemon.online/_next/static/chunks/4936-51894e4a8a95055d.js:1:11500)
    at async c._backgroundPoll (https://app.telemon.online/_next/static/chunks/4936-51894e4a8a95055d.js:1:12083)
    at async https://app.telemon.online/_next/static/chunks/4936-51894e4a8a95055d.js:1:11925 @ https://app.telemon.online/_next/static/chunks/4936-51894e4a8a95055d.js:0
[  240411ms] [ERROR] Failed to load resource: the server responded with a status of 401 () @ https://app.telemon.online/api/accounts:0
[  240413ms] [ERROR] Failed to load resource: the server responded with a status of 401 () @ https://app.telemon.online/api/scheduler/status:0
[  240425ms] [ERROR] Failed to load resource: the server responded with a status of 404 () @ https://app.telemon.online/api/user/token-balance:0
[  240425ms] [ERROR] Failed to load resource: the server responded with a status of 404 () @ https://app.telemon.online/api/logs/recent:0
[  241178ms] [ERROR] Failed to load resource: the server responded with a status of 401 () @ https://app.telemon.online/api/accounts:0
[  241179ms] [WARNING] [RuntimeManager] accounts refresh failed: ApiError: 인증이 필요합니다.
    at c (https://app.telemon.online/_next/static/chunks/960-2de992fdf9425035.js:1:3687)
    at async Object.s (https://app.telemon.online/_next/static/chunks/960-2de992fdf9425035.js:1:4129)
    at async c._refreshAccounts (https://app.telemon.online/_next/static/chunks/4936-51894e4a8a95055d.js:1:11500)
    at async c._backgroundPoll (https://app.telemon.online/_next/static/chunks/4936-51894e4a8a95055d.js:1:12083)
    at async https://app.telemon.online/_next/static/chunks/4936-51894e4a8a95055d.js:1:11925 @ https://app.telemon.online/_next/static/chunks/4936-51894e4a8a95055d.js:0
[  270614ms] [ERROR] Failed to load resource: the server responded with a status of 401 () @ https://app.telemon.online/api/accounts:0
[  270616ms] [ERROR] Failed to load resource: the server responded with a status of 404 () @ https://app.telemon.online/api/logs/recent:0
[  270631ms] [ERROR] Failed to load resource: the server responded with a status of 401 () @ https://app.telemon.online/api/scheduler/status:0
[  270632ms] [ERROR] Failed to load resource: the server responded with a status of 404 () @ https://app.telemon.online/api/user/token-balance:0
[  271283ms] [ERROR] Failed to load resource: the server responded with a status of 401 () @ https://app.telemon.online/api/accounts:0
[  271284ms] [WARNING] [RuntimeManager] accounts refresh failed: ApiError: 인증이 필요합니다.
    at c (https://app.telemon.online/_next/static/chunks/960-2de992fdf9425035.js:1:3687)
    at async Object.s (https://app.telemon.online/_next/static/chunks/960-2de992fdf9425035.js:1:4129)
    at async c._refreshAccounts (https://app.telemon.online/_next/static/chunks/4936-51894e4a8a95055d.js:1:11500)
    at async c._backgroundPoll (https://app.telemon.online/_next/static/chunks/4936-51894e4a8a95055d.js:1:12083)
    at async https://app.telemon.online/_next/static/chunks/4936-51894e4a8a95055d.js:1:11925 @ https://app.telemon.online/_next/static/chunks/4936-51894e4a8a95055d.js:0
[  300291ms] [ERROR] Failed to load resource: net::ERR_CONNECTION_CLOSED @ https://app.telemon.online/api/accounts:0
[  300291ms] [ERROR] Failed to load resource: net::ERR_CONNECTION_CLOSED @ https://app.telemon.online/api/scheduler/status:0
[  300292ms] [ERROR] Failed to load resource: net::ERR_CONNECTION_CLOSED @ https://app.telemon.online/api/user/token-balance:0
[  300292ms] [ERROR] Failed to load resource: net::ERR_CONNECTION_CLOSED @ https://app.telemon.online/api/logs/recent:0
[  301396ms] [ERROR] Failed to load resource: the server responded with a status of 401 () @ https://app.telemon.online/api/accounts:0
[  301397ms] [WARNING] [RuntimeManager] accounts refresh failed: ApiError: 인증이 필요합니다.
    at c (https://app.telemon.online/_next/static/chunks/960-2de992fdf9425035.js:1:3687)
    at async Object.s (https://app.telemon.online/_next/static/chunks/960-2de992fdf9425035.js:1:4129)
    at async c._refreshAccounts (https://app.telemon.online/_next/static/chunks/4936-51894e4a8a95055d.js:1:11500)
    at async c._backgroundPoll (https://app.telemon.online/_next/static/chunks/4936-51894e4a8a95055d.js:1:12083)
    at async https://app.telemon.online/_next/static/chunks/4936-51894e4a8a95055d.js:1:11925 @ https://app.telemon.online/_next/static/chunks/4936-51894e4a8a95055d.js:0
[  302384ms] [ERROR] Failed to load resource: the server responded with a status of 401 () @ https://app.telemon.online/api/accounts:0
[  302385ms] [ERROR] Failed to load resource: the server responded with a status of 401 () @ https://app.telemon.online/api/scheduler/status:0
[  302389ms] [ERROR] Failed to load resource: the server responded with a status of 404 () @ https://app.telemon.online/api/user/token-balance:0
[  302389ms] [ERROR] Failed to load resource: the server responded with a status of 404 () @ https://app.telemon.online/api/logs/recent:0
[  330319ms] [ERROR] Failed to load resource: the server responded with a status of 401 () @ https://app.telemon.online/api/accounts:0
[  330319ms] [ERROR] Failed to load resource: the server responded with a status of 404 () @ https://app.telemon.online/api/logs/recent:0
[  330320ms] [ERROR] Failed to load resource: the server responded with a status of 404 () @ https://app.telemon.online/api/user/token-balance:0
[  330340ms] [ERROR] Failed to load resource: the server responded with a status of 401 () @ https://app.telemon.online/api/scheduler/status:0
[  331454ms] [ERROR] Failed to load resource: the server responded with a status of 401 () @ https://app.telemon.online/api/accounts:0
[  331455ms] [WARNING] [RuntimeManager] accounts refresh failed: ApiError: 인증이 필요합니다.
    at c (https://app.telemon.online/_next/static/chunks/960-2de992fdf9425035.js:1:3687)
    at async Object.s (https://app.telemon.online/_next/static/chunks/960-2de992fdf9425035.js:1:4129)
    at async c._refreshAccounts (https://app.telemon.online/_next/static/chunks/4936-51894e4a8a95055d.js:1:11500)
    at async c._backgroundPoll (https://app.telemon.online/_next/static/chunks/4936-51894e4a8a95055d.js:1:12083)
    at async https://app.telemon.online/_next/static/chunks/4936-51894e4a8a95055d.js:1:11925 @ https://app.telemon.online/_next/static/chunks/4936-51894e4a8a95055d.js:0
[  357271ms] [ERROR] Failed to load resource: the server responded with a status of 401 () @ https://app.telemon.online/api/accounts:0
[  357274ms] [WARNING] [RuntimeManager] accounts refresh failed: ApiError: 인증이 필요합니다.
    at c (https://app.telemon.online/_next/static/chunks/960-2de992fdf9425035.js:1:3687)
    at async Object.s (https://app.telemon.online/_next/static/chunks/960-2de992fdf9425035.js:1:4129)
    at async c._refreshAccounts (https://app.telemon.online/_next/static/chunks/4936-51894e4a8a95055d.js:1:11500)
    at async c._doInit (https://app.telemon.online/_next/static/chunks/4936-51894e4a8a95055d.js:1:6066) @ https://app.telemon.online/_next/static/chunks/4936-51894e4a8a95055d.js:0
[  363865ms] [ERROR] Failed to load resource: the server responded with a status of 401 () @ https://app.telemon.online/api/accounts:0
[  363868ms] [WARNING] [RuntimeManager] accounts refresh failed: ApiError: 인증이 필요합니다.
    at c (https://app.telemon.online/_next/static/chunks/960-2de992fdf9425035.js:1:3687)
    at async Object.s (https://app.telemon.online/_next/static/chunks/960-2de992fdf9425035.js:1:4129)
    at async c._refreshAccounts (https://app.telemon.online/_next/static/chunks/4936-51894e4a8a95055d.js:1:11500)
    at async c._doInit (https://app.telemon.online/_next/static/chunks/4936-51894e4a8a95055d.js:1:6066) @ https://app.telemon.online/_next/static/chunks/4936-51894e4a8a95055d.js:0
